# JRE version: Java(TM) SE Runtime Environment (19.0.2+7) (build 19.0.2+7-44)
# Java VM: Java HotSpot(TM) 64-Bit Server VM (19.0.2+7-44, mixed mode, sharing, tiered, compressed oops, compressed class ptrs, g1 gc, windows-amd64)
GC Precious Log:
 CardTable entry size: 512
 Card Set container configuration: InlinePtr #cards 4 size 8 Array Of Cards #cards 16 size 48 Howl #buckets 8 coarsen threshold 3686 Howl Bitmap #cards 512 size 80 coarsen threshold 460 Card regions per heap region 1 cards per card region 4096
 CPUs: 8 total, 8 available
 Memory: 16026M
 Large Page Support: Disabled
 NUMA Support: Disabled
 Compressed Oops: Enabled (Zero based)
 Heap Region Size: 2M
 Heap Min Capacity: 8M
 Heap Initial Capacity: 252M
 Heap Max Capacity: 4008M
 Pre-touch: Disabled
 Parallel Workers: 8
 Concurrent Workers: 2
 Concurrent Refinement Workers: 8
 Periodic GC: Disabled
Heap:
 garbage-first heap   total 462848K, used 139918K [0x0000000705800000, 0x0000000800000000)
  region size 2048K, 10 young (20480K), 10 survivors (20480K)
 Metaspace       used 7940K, committed 8192K, reserved 1114112K
  class space    used 841K, committed 960K, reserved 1048576K
GC Heap History (19 events):
Event: 3.113 GC heap before
{Heap before GC invocations=0 (full 0):
 garbage-first heap   total 258048K, used 49152K [0x0000000705800000, 0x0000000800000000)
  region size 2048K, 11 young (22528K), 0 survivors (0K)
 Metaspace       used 7563K, committed 7744K, reserved 1114112K
  class space    used 820K, committed 896K, reserved 1048576K
}
Event: 3.117 GC heap after
{Heap after GC invocations=1 (full 0):
 garbage-first heap   total 258048K, used 28672K [0x0000000705800000, 0x0000000800000000)
  region size 2048K, 1 young (2048K), 1 survivors (2048K)
 Metaspace       used 7563K, committed 7744K, reserved 1114112K
  class space    used 820K, committed 896K, reserved 1048576K
}
Event: 3.255 GC heap before
{Heap before GC invocations=1 (full 0):
 garbage-first heap   total 258048K, used 65536K [0x0000000705800000, 0x0000000800000000)
  region size 2048K, 19 young (38912K), 1 survivors (2048K)
 Metaspace       used 7898K, committed 8128K, reserved 1114112K
  class space    used 841K, committed 960K, reserved 1048576K
}
Event: 3.259 GC heap after
{Heap after GC invocations=2 (full 0):
 garbage-first heap   total 258048K, used 25158K [0x0000000705800000, 0x0000000800000000)
  region size 2048K, 3 young (6144K), 3 survivors (6144K)
 Metaspace       used 7898K, committed 8128K, reserved 1114112K
  class space    used 841K, committed 960K, reserved 1048576K
}
Event: 3.356 GC heap before
{Heap before GC invocations=2 (full 0):
 garbage-first heap   total 258048K, used 115270K [0x0000000705800000, 0x0000000800000000)
  region size 2048K, 47 young (96256K), 3 survivors (6144K)
 Metaspace       used 7928K, committed 8128K, reserved 1114112K
  class space    used 841K, committed 960K, reserved 1048576K
}
Event: 3.362 GC heap after
{Heap after GC invocations=3 (full 0):
 garbage-first heap   total 258048K, used 31450K [0x0000000705800000, 0x0000000800000000)
  region size 2048K, 6 young (12288K), 6 survivors (12288K)
 Metaspace       used 7928K, committed 8128K, reserved 1114112K
  class space    used 841K, committed 960K, reserved 1048576K
}
Event: 3.473 GC heap before
{Heap before GC invocations=3 (full 0):
 garbage-first heap   total 258048K, used 172762K [0x0000000705800000, 0x0000000800000000)
  region size 2048K, 75 young (153600K), 6 survivors (12288K)
 Metaspace       used 7940K, committed 8192K, reserved 1114112K
  class space    used 841K, committed 960K, reserved 1048576K
}
Event: 3.484 GC heap after
{Heap after GC invocations=4 (full 0):
 garbage-first heap   total 258048K, used 42340K [0x0000000705800000, 0x0000000800000000)
  region size 2048K, 10 young (20480K), 10 survivors (20480K)
 Metaspace       used 7940K, committed 8192K, reserved 1114112K
  class space    used 841K, committed 960K, reserved 1048576K
}
Event: 3.570 GC heap before
{Heap before GC invocations=4 (full 0):
 garbage-first heap   total 258048K, used 175460K [0x0000000705800000, 0x0000000800000000)
  region size 2048K, 75 young (153600K), 10 survivors (20480K)
 Metaspace       used 7940K, committed 8192K, reserved 1114112K
  class space    used 841K, committed 960K, reserved 1048576K
}
Event: 3.581 GC heap after
{Heap after GC invocations=5 (full 0):
 garbage-first heap   total 258048K, used 51705K [0x0000000705800000, 0x0000000800000000)
  region size 2048K, 10 young (20480K), 10 survivors (20480K)
 Metaspace       used 7940K, committed 8192K, reserved 1114112K
  class space    used 841K, committed 960K, reserved 1048576K
}
Event: 3.666 GC heap before
{Heap before GC invocations=5 (full 0):
 garbage-first heap   total 258048K, used 184825K [0x0000000705800000, 0x0000000800000000)
  region size 2048K, 75 young (153600K), 10 survivors (20480K)
 Metaspace       used 7940K, committed 8192K, reserved 1114112K
  class space    used 841K, committed 960K, reserved 1048576K
}
Event: 3.679 GC heap after
{Heap after GC invocations=6 (full 0):
 garbage-first heap   total 462848K, used 62342K [0x0000000705800000, 0x0000000800000000)
  region size 2048K, 10 young (20480K), 10 survivors (20480K)
 Metaspace       used 7940K, committed 8192K, reserved 1114112K
  class space    used 841K, committed 960K, reserved 1048576K
}
Event: 3.921 GC heap before
{Heap before GC invocations=6 (full 0):
 garbage-first heap   total 462848K, used 318342K [0x0000000705800000, 0x0000000800000000)
  region size 2048K, 135 young (276480K), 10 survivors (20480K)
 Metaspace       used 7940K, committed 8192K, reserved 1114112K
  class space    used 841K, committed 960K, reserved 1048576K
}
Event: 3.936 GC heap after
{Heap after GC invocations=7 (full 0):
 garbage-first heap   total 462848K, used 81245K [0x0000000705800000, 0x0000000800000000)
  region size 2048K, 15 young (30720K), 15 survivors (30720K)
 Metaspace       used 7940K, committed 8192K, reserved 1114112K
  class space    used 841K, committed 960K, reserved 1048576K
}
Event: 4.099 GC heap before
{Heap before GC invocations=7 (full 0):
 garbage-first heap   total 462848K, used 327005K [0x0000000705800000, 0x0000000800000000)
  region size 2048K, 135 young (276480K), 15 survivors (30720K)
 Metaspace       used 7940K, committed 8192K, reserved 1114112K
  class space    used 841K, committed 960K, reserved 1048576K
}
Event: 4.118 GC heap after
{Heap after GC invocations=8 (full 0):
 garbage-first heap   total 462848K, used 100016K [0x0000000705800000, 0x0000000800000000)
  region size 2048K, 10 young (20480K), 10 survivors (20480K)
 Metaspace       used 7940K, committed 8192K, reserved 1114112K
  class space    used 841K, committed 960K, reserved 1048576K
}
Event: 4.292 GC heap before
{Heap before GC invocations=8 (full 0):
 garbage-first heap   total 462848K, used 356016K [0x0000000705800000, 0x0000000800000000)
  region size 2048K, 135 young (276480K), 10 survivors (20480K)
 Metaspace       used 7940K, committed 8192K, reserved 1114112K
  class space    used 841K, committed 960K, reserved 1048576K
}
Event: 4.306 GC heap after
{Heap after GC invocations=9 (full 0):
 garbage-first heap   total 462848K, used 118784K [0x0000000705800000, 0x0000000800000000)
  region size 2048K, 17 young (34816K), 17 survivors (34816K)
 Metaspace       used 7940K, committed 8192K, reserved 1114112K
  class space    used 841K, committed 960K, reserved 1048576K
}
Event: 4.470 GC heap before
{Heap before GC invocations=9 (full 0):
 garbage-first heap   total 462848K, used 360448K [0x0000000705800000, 0x0000000800000000)
  region size 2048K, 135 young (276480K), 17 survivors (34816K)
 Metaspace       used 7940K, committed 8192K, reserved 1114112K
  class space    used 841K, committed 960K, reserved 1048576K
}

