# JRE version: Java(TM) SE Runtime Environment (19.0.2+7) (build 19.0.2+7-44)
# Java VM: Java HotSpot(TM) 64-Bit Server VM (19.0.2+7-44, mixed mode, sharing, tiered, compressed oops, compressed class ptrs, g1 gc, windows-amd64)
GC Precious Log:
 CardTable entry size: 512
 Card Set container configuration: InlinePtr #cards 4 size 8 Array Of Cards #cards 16 size 48 Howl #buckets 8 coarsen threshold 3686 Howl Bitmap #cards 512 size 80 coarsen threshold 460 Card regions per heap region 1 cards per card region 4096
 CPUs: 8 total, 8 available
 Memory: 16026M
 Large Page Support: Disabled
 NUMA Support: Disabled
 Compressed Oops: Enabled (Zero based)
 Heap Region Size: 2M
 Heap Min Capacity: 8M
 Heap Initial Capacity: 252M
 Heap Max Capacity: 4008M
 Pre-touch: Disabled
 Parallel Workers: 8
 Concurrent Workers: 2
 Concurrent Refinement Workers: 8
 Periodic GC: Disabled
Heap:
 garbage-first heap   total 446464K, used 125015K [0x0000000705800000, 0x0000000800000000)
  region size 2048K, 17 young (34816K), 17 survivors (34816K)
 Metaspace       used 7925K, committed 8128K, reserved 1114112K
  class space    used 841K, committed 960K, reserved 1048576K
GC Heap History (19 events):
Event: 2.018 GC heap before
{Heap before GC invocations=0 (full 0):
 garbage-first heap   total 258048K, used 49152K [0x0000000705800000, 0x0000000800000000)
  region size 2048K, 11 young (22528K), 0 survivors (0K)
 Metaspace       used 7669K, committed 7936K, reserved 1114112K
  class space    used 832K, committed 960K, reserved 1048576K
}
Event: 2.022 GC heap after
{Heap after GC invocations=1 (full 0):
 garbage-first heap   total 258048K, used 28927K [0x0000000705800000, 0x0000000800000000)
  region size 2048K, 2 young (4096K), 2 survivors (4096K)
 Metaspace       used 7669K, committed 7936K, reserved 1114112K
  class space    used 832K, committed 960K, reserved 1048576K
}
Event: 2.163 GC heap before
{Heap before GC invocations=1 (full 0):
 garbage-first heap   total 258048K, used 67839K [0x0000000705800000, 0x0000000800000000)
  region size 2048K, 21 young (43008K), 2 survivors (4096K)
 Metaspace       used 7884K, committed 8128K, reserved 1114112K
  class space    used 841K, committed 960K, reserved 1048576K
}
Event: 2.166 GC heap after
{Heap after GC invocations=2 (full 0):
 garbage-first heap   total 258048K, used 25345K [0x0000000705800000, 0x0000000800000000)
  region size 2048K, 3 young (6144K), 3 survivors (6144K)
 Metaspace       used 7884K, committed 8128K, reserved 1114112K
  class space    used 841K, committed 960K, reserved 1048576K
}
Event: 2.286 GC heap before
{Heap before GC invocations=2 (full 0):
 garbage-first heap   total 258048K, used 144129K [0x0000000705800000, 0x0000000800000000)
  region size 2048K, 61 young (124928K), 3 survivors (6144K)
 Metaspace       used 7919K, committed 8128K, reserved 1114112K
  class space    used 841K, committed 960K, reserved 1048576K
}
Event: 2.294 GC heap after
{Heap after GC invocations=3 (full 0):
 garbage-first heap   total 258048K, used 33783K [0x0000000705800000, 0x0000000800000000)
  region size 2048K, 7 young (14336K), 7 survivors (14336K)
 Metaspace       used 7919K, committed 8128K, reserved 1114112K
  class space    used 841K, committed 960K, reserved 1048576K
}
Event: 2.399 GC heap before
{Heap before GC invocations=3 (full 0):
 garbage-first heap   total 258048K, used 173047K [0x0000000705800000, 0x0000000800000000)
  region size 2048K, 75 young (153600K), 7 survivors (14336K)
 Metaspace       used 7925K, committed 8128K, reserved 1114112K
  class space    used 841K, committed 960K, reserved 1048576K
}
Event: 2.408 GC heap after
{Heap after GC invocations=4 (full 0):
 garbage-first heap   total 258048K, used 44265K [0x0000000705800000, 0x0000000800000000)
  region size 2048K, 10 young (20480K), 10 survivors (20480K)
 Metaspace       used 7925K, committed 8128K, reserved 1114112K
  class space    used 841K, committed 960K, reserved 1048576K
}
Event: 2.497 GC heap before
{Heap before GC invocations=4 (full 0):
 garbage-first heap   total 258048K, used 177385K [0x0000000705800000, 0x0000000800000000)
  region size 2048K, 75 young (153600K), 10 survivors (20480K)
 Metaspace       used 7925K, committed 8128K, reserved 1114112K
  class space    used 841K, committed 960K, reserved 1048576K
}
Event: 2.506 GC heap after
{Heap after GC invocations=5 (full 0):
 garbage-first heap   total 258048K, used 53065K [0x0000000705800000, 0x0000000800000000)
  region size 2048K, 10 young (20480K), 10 survivors (20480K)
 Metaspace       used 7925K, committed 8128K, reserved 1114112K
  class space    used 841K, committed 960K, reserved 1048576K
}
Event: 2.583 GC heap before
{Heap before GC invocations=5 (full 0):
 garbage-first heap   total 258048K, used 186185K [0x0000000705800000, 0x0000000800000000)
  region size 2048K, 75 young (153600K), 10 survivors (20480K)
 Metaspace       used 7925K, committed 8128K, reserved 1114112K
  class space    used 841K, committed 960K, reserved 1048576K
}
Event: 2.595 GC heap after
{Heap after GC invocations=6 (full 0):
 garbage-first heap   total 446464K, used 60972K [0x0000000705800000, 0x0000000800000000)
  region size 2048K, 9 young (18432K), 9 survivors (18432K)
 Metaspace       used 7925K, committed 8128K, reserved 1114112K
  class space    used 841K, committed 960K, reserved 1048576K
}
Event: 2.791 GC heap before
{Heap before GC invocations=6 (full 0):
 garbage-first heap   total 446464K, used 308780K [0x0000000705800000, 0x0000000800000000)
  region size 2048K, 130 young (266240K), 9 survivors (18432K)
 Metaspace       used 7925K, committed 8128K, reserved 1114112K
  class space    used 841K, committed 960K, reserved 1048576K
}
Event: 2.803 GC heap after
{Heap after GC invocations=7 (full 0):
 garbage-first heap   total 446464K, used 77863K [0x0000000705800000, 0x0000000800000000)
  region size 2048K, 17 young (34816K), 17 survivors (34816K)
 Metaspace       used 7925K, committed 8128K, reserved 1114112K
  class space    used 841K, committed 960K, reserved 1048576K
}
Event: 2.936 GC heap before
{Heap before GC invocations=7 (full 0):
 garbage-first heap   total 446464K, used 309287K [0x0000000705800000, 0x0000000800000000)
  region size 2048K, 130 young (266240K), 17 survivors (34816K)
 Metaspace       used 7925K, committed 8128K, reserved 1114112K
  class space    used 841K, committed 960K, reserved 1048576K
}
Event: 2.953 GC heap after
{Heap after GC invocations=8 (full 0):
 garbage-first heap   total 446464K, used 93273K [0x0000000705800000, 0x0000000800000000)
  region size 2048K, 17 young (34816K), 17 survivors (34816K)
 Metaspace       used 7925K, committed 8128K, reserved 1114112K
  class space    used 841K, committed 960K, reserved 1048576K
}
Event: 3.109 GC heap before
{Heap before GC invocations=8 (full 0):
 garbage-first heap   total 446464K, used 324697K [0x0000000705800000, 0x0000000800000000)
  region size 2048K, 130 young (266240K), 17 survivors (34816K)
 Metaspace       used 7925K, committed 8128K, reserved 1114112K
  class space    used 841K, committed 960K, reserved 1048576K
}
Event: 3.124 GC heap after
{Heap after GC invocations=9 (full 0):
 garbage-first heap   total 446464K, used 108874K [0x0000000705800000, 0x0000000800000000)
  region size 2048K, 16 young (32768K), 16 survivors (32768K)
 Metaspace       used 7925K, committed 8128K, reserved 1114112K
  class space    used 841K, committed 960K, reserved 1048576K
}
Event: 3.271 GC heap before
{Heap before GC invocations=9 (full 0):
 garbage-first heap   total 446464K, used 342346K [0x0000000705800000, 0x0000000800000000)
  region size 2048K, 130 young (266240K), 16 survivors (32768K)
 Metaspace       used 7925K, committed 8128K, reserved 1114112K
  class space    used 841K, committed 960K, reserved 1048576K
}

